Bringing machine 'default' up with 'libvirt' provider...
==> default: Checking if box 'generic/ubuntu2204' version '4.3.12' is up to date...
[fog][WARNING] Unrecognized arguments: libvirt_ip_command
==> default: Creating image (snapshot of base box volume).
==> default: Creating domain with the following settings...
==> default:  -- Name:              PacketRusher_default
==> default:  -- Description:       Source: /home/ian/vagrant-practice/PacketRusher/Vagrantfile
==> default:  -- Domain type:       kvm
==> default:  -- Cpus:              4
==> default:  -- Feature:           acpi
==> default:  -- Feature:           apic
==> default:  -- Feature:           pae
==> default:  -- Clock offset:      utc
==> default:  -- Memory:            4096M
==> default:  -- Base box:          generic/ubuntu2204
==> default:  -- Storage pool:      default
==> default:  -- Image(vda):        /var/lib/libvirt/images/PacketRusher_default.img, virtio, 128G
==> default:  -- Disk driver opts:  cache='default'
==> default:  -- Graphics Type:     vnc
==> default:  -- Video Type:        cirrus
==> default:  -- Video VRAM:        256
==> default:  -- Video 3D accel:    false
==> default:  -- Keymap:            en-us
==> default:  -- TPM Backend:       passthrough
==> default:  -- INPUT:             type=mouse, bus=ps2
==> default: Creating shared folders metadata...
==> default: Starting domain.
==> default: Domain launching with graphics connection settings...
==> default:  -- Graphics Port:      5900
==> default:  -- Graphics IP:        127.0.0.1
==> default:  -- Graphics Password:  Not defined
==> default:  -- Graphics Websocket: 5700
==> default: Waiting for domain to get an IP address...
==> default: Waiting for machine to boot. This may take a few minutes...
    default: SSH address: 192.168.121.137:22
    default: SSH username: vagrant
    default: SSH auth method: private key
    default: Warning: Connection refused. Retrying...
